The system is: Linux - 4.2.3-200.fc22.x86_64 - x86_64
Compiling the CXX compiler identification source file "CMakeCXXCompilerId.cpp" succeeded.
Compiler: /bin/c++ 
Build flags: 
Id flags: 

The output was:
0


Compilation of the CXX compiler identification source "CMakeCXXCompilerId.cpp" produced "a.out"

The CXX compiler identification is GNU, found in "/home/tristan/Documents/TPEAlpGen/Pangea/CMakeFiles/3.3.2/CompilerIdCXX/a.out"

Determining if the CXX compiler works passed with the following output:
Change Dir: /home/tristan/Documents/TPEAlpGen/Pangea/CMakeFiles/CMakeTmp

Run Build Command:"/bin/gmake" "cmTC_7d214/fast"
gmake[1]: Entering directory '/home/tristan/Documents/TPEAlpGen/Pangea/CMakeFiles/CMakeTmp'
/bin/gmake -f CMakeFiles/cmTC_7d214.dir/build.make CMakeFiles/cmTC_7d214.dir/build
gmake[2]: Entering directory '/home/tristan/Documents/TPEAlpGen/Pangea/CMakeFiles/CMakeTmp'
Building CXX object CMakeFiles/cmTC_7d214.dir/testCXXCompiler.cxx.o
/bin/c++     -o CMakeFiles/cmTC_7d214.dir/testCXXCompiler.cxx.o -c /home/tristan/Documents/TPEAlpGen/Pangea/CMakeFiles/CMakeTmp/testCXXCompiler.cxx
Linking CXX executable cmTC_7d214
/usr/bin/cmake -E cmake_link_script CMakeFiles/cmTC_7d214.dir/link.txt --verbose=1
/bin/c++        CMakeFiles/cmTC_7d214.dir/testCXXCompiler.cxx.o  -o cmTC_7d214 -rdynamic 
gmake[2]: Leaving directory '/home/tristan/Documents/TPEAlpGen/Pangea/CMakeFiles/CMakeTmp'
gmake[1]: Leaving directory '/home/tristan/Documents/TPEAlpGen/Pangea/CMakeFiles/CMakeTmp'


Detecting CXX compiler ABI info compiled with the following output:
Change Dir: /home/tristan/Documents/TPEAlpGen/Pangea/CMakeFiles/CMakeTmp

Run Build Command:"/bin/gmake" "cmTC_53c0b/fast"
gmake[1]: Entering directory '/home/tristan/Documents/TPEAlpGen/Pangea/CMakeFiles/CMakeTmp'
/bin/gmake -f CMakeFiles/cmTC_53c0b.dir/build.make CMakeFiles/cmTC_53c0b.dir/build
gmake[2]: Entering directory '/home/tristan/Documents/TPEAlpGen/Pangea/CMakeFiles/CMakeTmp'
Building CXX object CMakeFiles/cmTC_53c0b.dir/CMakeCXXCompilerABI.cpp.o
/bin/c++     -o CMakeFiles/cmTC_53c0b.dir/CMakeCXXCompilerABI.cpp.o -c /usr/share/cmake/Modules/CMakeCXXCompilerABI.cpp
Linking CXX executable cmTC_53c0b
/usr/bin/cmake -E cmake_link_script CMakeFiles/cmTC_53c0b.dir/link.txt --verbose=1
/bin/c++       -v CMakeFiles/cmTC_53c0b.dir/CMakeCXXCompilerABI.cpp.o  -o cmTC_53c0b -rdynamic  
Utilisation des specs internes.
COLLECT_GCC=/bin/c++
COLLECT_LTO_WRAPPER=/usr/libexec/gcc/x86_64-redhat-linux/5.1.1/lto-wrapper
Cible : x86_64-redhat-linux
Configuré avec: ../configure --enable-bootstrap --enable-languages=c,c++,objc,obj-c++,fortran,ada,go,lto --prefix=/usr --mandir=/usr/share/man --infodir=/usr/share/info --with-bugurl=http://bugzilla.redhat.com/bugzilla --enable-shared --enable-threads=posix --enable-checking=release --enable-multilib --with-system-zlib --enable-__cxa_atexit --disable-libunwind-exceptions --enable-gnu-unique-object --enable-linker-build-id --with-linker-hash-style=gnu --enable-plugin --enable-initfini-array --disable-libgcj --with-default-libstdcxx-abi=c++98 --with-isl --enable-libmpx --enable-gnu-indirect-function --with-tune=generic --with-arch_32=i686 --build=x86_64-redhat-linux
Modèle de thread: posix
gcc version 5.1.1 20150618 (Red Hat 5.1.1-4) (GCC) 
COMPILER_PATH=/usr/libexec/gcc/x86_64-redhat-linux/5.1.1/:/usr/libexec/gcc/x86_64-redhat-linux/5.1.1/:/usr/libexec/gcc/x86_64-redhat-linux/:/usr/lib/gcc/x86_64-redhat-linux/5.1.1/:/usr/lib/gcc/x86_64-redhat-linux/
LIBRARY_PATH=/usr/lib/gcc/x86_64-redhat-linux/5.1.1/:/usr/lib/gcc/x86_64-redhat-linux/5.1.1/../../../../lib64/:/lib/../lib64/:/usr/lib/../lib64/:/usr/lib/gcc/x86_64-redhat-linux/5.1.1/../../../:/lib/:/usr/lib/
COLLECT_GCC_OPTIONS='-v' '-o' 'cmTC_53c0b' '-rdynamic' '-shared-libgcc' '-mtune=generic' '-march=x86-64'
 /usr/libexec/gcc/x86_64-redhat-linux/5.1.1/collect2 -plugin /usr/libexec/gcc/x86_64-redhat-linux/5.1.1/liblto_plugin.so -plugin-opt=/usr/libexec/gcc/x86_64-redhat-linux/5.1.1/lto-wrapper -plugin-opt=-fresolution=/tmp/ccFCWp8L.res -plugin-opt=-pass-through=-lgcc_s -plugin-opt=-pass-through=-lgcc -plugin-opt=-pass-through=-lc -plugin-opt=-pass-through=-lgcc_s -plugin-opt=-pass-through=-lgcc --build-id --no-add-needed --eh-frame-hdr --hash-style=gnu -m elf_x86_64 -export-dynamic -dynamic-linker /lib64/ld-linux-x86-64.so.2 -o cmTC_53c0b /usr/lib/gcc/x86_64-redhat-linux/5.1.1/../../../../lib64/crt1.o /usr/lib/gcc/x86_64-redhat-linux/5.1.1/../../../../lib64/crti.o /usr/lib/gcc/x86_64-redhat-linux/5.1.1/crtbegin.o -L/usr/lib/gcc/x86_64-redhat-linux/5.1.1 -L/usr/lib/gcc/x86_64-redhat-linux/5.1.1/../../../../lib64 -L/lib/../lib64 -L/usr/lib/../lib64 -L/usr/lib/gcc/x86_64-redhat-linux/5.1.1/../../.. CMakeFiles/cmTC_53c0b.dir/CMakeCXXCompilerABI.cpp.o -lstdc++ -lm -lgcc_s -lgcc -lc -lgcc_s -lgcc /usr/lib/gcc/x86_64-redhat-linux/5.1.1/crtend.o /usr/lib/gcc/x86_64-redhat-linux/5.1.1/../../../../lib64/crtn.o
gmake[2]: Leaving directory '/home/tristan/Documents/TPEAlpGen/Pangea/CMakeFiles/CMakeTmp'
gmake[1]: Leaving directory '/home/tristan/Documents/TPEAlpGen/Pangea/CMakeFiles/CMakeTmp'


Parsed CXX implicit link information from above output:
  link line regex: [^( *|.*[/\])(ld|([^/\]+-)?ld|collect2)[^/\]*( |$)]
  ignore line: [Change Dir: /home/tristan/Documents/TPEAlpGen/Pangea/CMakeFiles/CMakeTmp]
  ignore line: []
  ignore line: [Run Build Command:"/bin/gmake" "cmTC_53c0b/fast"]
  ignore line: [gmake[1]: Entering directory '/home/tristan/Documents/TPEAlpGen/Pangea/CMakeFiles/CMakeTmp']
  ignore line: [/bin/gmake -f CMakeFiles/cmTC_53c0b.dir/build.make CMakeFiles/cmTC_53c0b.dir/build]
  ignore line: [gmake[2]: Entering directory '/home/tristan/Documents/TPEAlpGen/Pangea/CMakeFiles/CMakeTmp']
  ignore line: [Building CXX object CMakeFiles/cmTC_53c0b.dir/CMakeCXXCompilerABI.cpp.o]
  ignore line: [/bin/c++     -o CMakeFiles/cmTC_53c0b.dir/CMakeCXXCompilerABI.cpp.o -c /usr/share/cmake/Modules/CMakeCXXCompilerABI.cpp]
  ignore line: [Linking CXX executable cmTC_53c0b]
  ignore line: [/usr/bin/cmake -E cmake_link_script CMakeFiles/cmTC_53c0b.dir/link.txt --verbose=1]
  ignore line: [/bin/c++       -v CMakeFiles/cmTC_53c0b.dir/CMakeCXXCompilerABI.cpp.o  -o cmTC_53c0b -rdynamic  ]
  ignore line: [Utilisation des specs internes.]
  ignore line: [COLLECT_GCC=/bin/c++]
  ignore line: [COLLECT_LTO_WRAPPER=/usr/libexec/gcc/x86_64-redhat-linux/5.1.1/lto-wrapper]
  ignore line: [Cible : x86_64-redhat-linux]
  ignore line: [Configuré avec: ../configure --enable-bootstrap --enable-languages=c,c++,objc,obj-c++,fortran,ada,go,lto --prefix=/usr --mandir=/usr/share/man --infodir=/usr/share/info --with-bugurl=http://bugzilla.redhat.com/bugzilla --enable-shared --enable-threads=posix --enable-checking=release --enable-multilib --with-system-zlib --enable-__cxa_atexit --disable-libunwind-exceptions --enable-gnu-unique-object --enable-linker-build-id --with-linker-hash-style=gnu --enable-plugin --enable-initfini-array --disable-libgcj --with-default-libstdcxx-abi=c++98 --with-isl --enable-libmpx --enable-gnu-indirect-function --with-tune=generic --with-arch_32=i686 --build=x86_64-redhat-linux]
  ignore line: [Modèle de thread: posix]
  ignore line: [gcc version 5.1.1 20150618 (Red Hat 5.1.1-4) (GCC) ]
  ignore line: [COMPILER_PATH=/usr/libexec/gcc/x86_64-redhat-linux/5.1.1/:/usr/libexec/gcc/x86_64-redhat-linux/5.1.1/:/usr/libexec/gcc/x86_64-redhat-linux/:/usr/lib/gcc/x86_64-redhat-linux/5.1.1/:/usr/lib/gcc/x86_64-redhat-linux/]
  ignore line: [LIBRARY_PATH=/usr/lib/gcc/x86_64-redhat-linux/5.1.1/:/usr/lib/gcc/x86_64-redhat-linux/5.1.1/../../../../lib64/:/lib/../lib64/:/usr/lib/../lib64/:/usr/lib/gcc/x86_64-redhat-linux/5.1.1/../../../:/lib/:/usr/lib/]
  ignore line: [COLLECT_GCC_OPTIONS='-v' '-o' 'cmTC_53c0b' '-rdynamic' '-shared-libgcc' '-mtune=generic' '-march=x86-64']
  link line: [ /usr/libexec/gcc/x86_64-redhat-linux/5.1.1/collect2 -plugin /usr/libexec/gcc/x86_64-redhat-linux/5.1.1/liblto_plugin.so -plugin-opt=/usr/libexec/gcc/x86_64-redhat-linux/5.1.1/lto-wrapper -plugin-opt=-fresolution=/tmp/ccFCWp8L.res -plugin-opt=-pass-through=-lgcc_s -plugin-opt=-pass-through=-lgcc -plugin-opt=-pass-through=-lc -plugin-opt=-pass-through=-lgcc_s -plugin-opt=-pass-through=-lgcc --build-id --no-add-needed --eh-frame-hdr --hash-style=gnu -m elf_x86_64 -export-dynamic -dynamic-linker /lib64/ld-linux-x86-64.so.2 -o cmTC_53c0b /usr/lib/gcc/x86_64-redhat-linux/5.1.1/../../../../lib64/crt1.o /usr/lib/gcc/x86_64-redhat-linux/5.1.1/../../../../lib64/crti.o /usr/lib/gcc/x86_64-redhat-linux/5.1.1/crtbegin.o -L/usr/lib/gcc/x86_64-redhat-linux/5.1.1 -L/usr/lib/gcc/x86_64-redhat-linux/5.1.1/../../../../lib64 -L/lib/../lib64 -L/usr/lib/../lib64 -L/usr/lib/gcc/x86_64-redhat-linux/5.1.1/../../.. CMakeFiles/cmTC_53c0b.dir/CMakeCXXCompilerABI.cpp.o -lstdc++ -lm -lgcc_s -lgcc -lc -lgcc_s -lgcc /usr/lib/gcc/x86_64-redhat-linux/5.1.1/crtend.o /usr/lib/gcc/x86_64-redhat-linux/5.1.1/../../../../lib64/crtn.o]
    arg [/usr/libexec/gcc/x86_64-redhat-linux/5.1.1/collect2] ==> ignore
    arg [-plugin] ==> ignore
    arg [/usr/libexec/gcc/x86_64-redhat-linux/5.1.1/liblto_plugin.so] ==> ignore
    arg [-plugin-opt=/usr/libexec/gcc/x86_64-redhat-linux/5.1.1/lto-wrapper] ==> ignore
    arg [-plugin-opt=-fresolution=/tmp/ccFCWp8L.res] ==> ignore
    arg [-plugin-opt=-pass-through=-lgcc_s] ==> ignore
    arg [-plugin-opt=-pass-through=-lgcc] ==> ignore
    arg [-plugin-opt=-pass-through=-lc] ==> ignore
    arg [-plugin-opt=-pass-through=-lgcc_s] ==> ignore
    arg [-plugin-opt=-pass-through=-lgcc] ==> ignore
    arg [--build-id] ==> ignore
    arg [--no-add-needed] ==> ignore
    arg [--eh-frame-hdr] ==> ignore
    arg [--hash-style=gnu] ==> ignore
    arg [-m] ==> ignore
    arg [elf_x86_64] ==> ignore
    arg [-export-dynamic] ==> ignore
    arg [-dynamic-linker] ==> ignore
    arg [/lib64/ld-linux-x86-64.so.2] ==> ignore
    arg [-o] ==> ignore
    arg [cmTC_53c0b] ==> ignore
    arg [/usr/lib/gcc/x86_64-redhat-linux/5.1.1/../../../../lib64/crt1.o] ==> ignore
    arg [/usr/lib/gcc/x86_64-redhat-linux/5.1.1/../../../../lib64/crti.o] ==> ignore
    arg [/usr/lib/gcc/x86_64-redhat-linux/5.1.1/crtbegin.o] ==> ignore
    arg [-L/usr/lib/gcc/x86_64-redhat-linux/5.1.1] ==> dir [/usr/lib/gcc/x86_64-redhat-linux/5.1.1]
    arg [-L/usr/lib/gcc/x86_64-redhat-linux/5.1.1/../../../../lib64] ==> dir [/usr/lib/gcc/x86_64-redhat-linux/5.1.1/../../../../lib64]
    arg [-L/lib/../lib64] ==> dir [/lib/../lib64]
    arg [-L/usr/lib/../lib64] ==> dir [/usr/lib/../lib64]
    arg [-L/usr/lib/gcc/x86_64-redhat-linux/5.1.1/../../..] ==> dir [/usr/lib/gcc/x86_64-redhat-linux/5.1.1/../../..]
    arg [CMakeFiles/cmTC_53c0b.dir/CMakeCXXCompilerABI.cpp.o] ==> ignore
    arg [-lstdc++] ==> lib [stdc++]
    arg [-lm] ==> lib [m]
    arg [-lgcc_s] ==> lib [gcc_s]
    arg [-lgcc] ==> lib [gcc]
    arg [-lc] ==> lib [c]
    arg [-lgcc_s] ==> lib [gcc_s]
    arg [-lgcc] ==> lib [gcc]
    arg [/usr/lib/gcc/x86_64-redhat-linux/5.1.1/crtend.o] ==> ignore
    arg [/usr/lib/gcc/x86_64-redhat-linux/5.1.1/../../../../lib64/crtn.o] ==> ignore
  remove lib [gcc_s]
  remove lib [gcc]
  remove lib [gcc_s]
  remove lib [gcc]
  collapse library dir [/usr/lib/gcc/x86_64-redhat-linux/5.1.1] ==> [/usr/lib/gcc/x86_64-redhat-linux/5.1.1]
  collapse library dir [/usr/lib/gcc/x86_64-redhat-linux/5.1.1/../../../../lib64] ==> [/usr/lib64]
  collapse library dir [/lib/../lib64] ==> [/lib64]
  collapse library dir [/usr/lib/../lib64] ==> [/usr/lib64]
  collapse library dir [/usr/lib/gcc/x86_64-redhat-linux/5.1.1/../../..] ==> [/usr/lib]
  implicit libs: [stdc++;m;c]
  implicit dirs: [/usr/lib/gcc/x86_64-redhat-linux/5.1.1;/usr/lib64;/lib64;/usr/lib]
  implicit fwks: []




Detecting CXX [-std=c++14] compiler features compiled with the following output:
Change Dir: /home/tristan/Documents/TPEAlpGen/Pangea/CMakeFiles/CMakeTmp

Run Build Command:"/bin/gmake" "cmTC_2c7b9/fast"
gmake[1]: Entering directory '/home/tristan/Documents/TPEAlpGen/Pangea/CMakeFiles/CMakeTmp'
/bin/gmake -f CMakeFiles/cmTC_2c7b9.dir/build.make CMakeFiles/cmTC_2c7b9.dir/build
gmake[2]: Entering directory '/home/tristan/Documents/TPEAlpGen/Pangea/CMakeFiles/CMakeTmp'
Building CXX object CMakeFiles/cmTC_2c7b9.dir/feature_tests.cxx.o
/bin/c++    -std=c++14 -o CMakeFiles/cmTC_2c7b9.dir/feature_tests.cxx.o -c /home/tristan/Documents/TPEAlpGen/Pangea/CMakeFiles/feature_tests.cxx
Linking CXX executable cmTC_2c7b9
/usr/bin/cmake -E cmake_link_script CMakeFiles/cmTC_2c7b9.dir/link.txt --verbose=1
/bin/c++        CMakeFiles/cmTC_2c7b9.dir/feature_tests.cxx.o  -o cmTC_2c7b9 -rdynamic 
gmake[2]: Leaving directory '/home/tristan/Documents/TPEAlpGen/Pangea/CMakeFiles/CMakeTmp'
gmake[1]: Leaving directory '/home/tristan/Documents/TPEAlpGen/Pangea/CMakeFiles/CMakeTmp'


    Feature record: CXX_FEATURE:1cxx_aggregate_default_initializers
    Feature record: CXX_FEATURE:1cxx_alias_templates
    Feature record: CXX_FEATURE:1cxx_alignas
    Feature record: CXX_FEATURE:1cxx_alignof
    Feature record: CXX_FEATURE:1cxx_attributes
    Feature record: CXX_FEATURE:1cxx_attribute_deprecated
    Feature record: CXX_FEATURE:1cxx_auto_type
    Feature record: CXX_FEATURE:1cxx_binary_literals
    Feature record: CXX_FEATURE:1cxx_constexpr
    Feature record: CXX_FEATURE:1cxx_contextual_conversions
    Feature record: CXX_FEATURE:1cxx_decltype
    Feature record: CXX_FEATURE:1cxx_decltype_auto
    Feature record: CXX_FEATURE:1cxx_decltype_incomplete_return_types
    Feature record: CXX_FEATURE:1cxx_default_function_template_args
    Feature record: CXX_FEATURE:1cxx_defaulted_functions
    Feature record: CXX_FEATURE:1cxx_defaulted_move_initializers
    Feature record: CXX_FEATURE:1cxx_delegating_constructors
    Feature record: CXX_FEATURE:1cxx_deleted_functions
    Feature record: CXX_FEATURE:1cxx_digit_separators
    Feature record: CXX_FEATURE:1cxx_enum_forward_declarations
    Feature record: CXX_FEATURE:1cxx_explicit_conversions
    Feature record: CXX_FEATURE:1cxx_extended_friend_declarations
    Feature record: CXX_FEATURE:1cxx_extern_templates
    Feature record: CXX_FEATURE:1cxx_final
    Feature record: CXX_FEATURE:1cxx_func_identifier
    Feature record: CXX_FEATURE:1cxx_generalized_initializers
    Feature record: CXX_FEATURE:1cxx_generic_lambdas
    Feature record: CXX_FEATURE:1cxx_inheriting_constructors
    Feature record: CXX_FEATURE:1cxx_inline_namespaces
    Feature record: CXX_FEATURE:1cxx_lambdas
    Feature record: CXX_FEATURE:1cxx_lambda_init_captures
    Feature record: CXX_FEATURE:1cxx_local_type_template_args
    Feature record: CXX_FEATURE:1cxx_long_long_type
    Feature record: CXX_FEATURE:1cxx_noexcept
    Feature record: CXX_FEATURE:1cxx_nonstatic_member_init
    Feature record: CXX_FEATURE:1cxx_nullptr
    Feature record: CXX_FEATURE:1cxx_override
    Feature record: CXX_FEATURE:1cxx_range_for
    Feature record: CXX_FEATURE:1cxx_raw_string_literals
    Feature record: CXX_FEATURE:1cxx_reference_qualified_functions
    Feature record: CXX_FEATURE:1cxx_relaxed_constexpr
    Feature record: CXX_FEATURE:1cxx_return_type_deduction
    Feature record: CXX_FEATURE:1cxx_right_angle_brackets
    Feature record: CXX_FEATURE:1cxx_rvalue_references
    Feature record: CXX_FEATURE:1cxx_sizeof_member
    Feature record: CXX_FEATURE:1cxx_static_assert
    Feature record: CXX_FEATURE:1cxx_strong_enums
    Feature record: CXX_FEATURE:1cxx_template_template_parameters
    Feature record: CXX_FEATURE:1cxx_thread_local
    Feature record: CXX_FEATURE:1cxx_trailing_return_types
    Feature record: CXX_FEATURE:1cxx_unicode_literals
    Feature record: CXX_FEATURE:1cxx_uniform_initialization
    Feature record: CXX_FEATURE:1cxx_unrestricted_unions
    Feature record: CXX_FEATURE:1cxx_user_literals
    Feature record: CXX_FEATURE:1cxx_variable_templates
    Feature record: CXX_FEATURE:1cxx_variadic_macros
    Feature record: CXX_FEATURE:1cxx_variadic_templates


Detecting CXX [-std=c++11] compiler features compiled with the following output:
Change Dir: /home/tristan/Documents/TPEAlpGen/Pangea/CMakeFiles/CMakeTmp

Run Build Command:"/bin/gmake" "cmTC_9f3cb/fast"
gmake[1]: Entering directory '/home/tristan/Documents/TPEAlpGen/Pangea/CMakeFiles/CMakeTmp'
/bin/gmake -f CMakeFiles/cmTC_9f3cb.dir/build.make CMakeFiles/cmTC_9f3cb.dir/build
gmake[2]: Entering directory '/home/tristan/Documents/TPEAlpGen/Pangea/CMakeFiles/CMakeTmp'
Building CXX object CMakeFiles/cmTC_9f3cb.dir/feature_tests.cxx.o
/bin/c++    -std=c++11 -o CMakeFiles/cmTC_9f3cb.dir/feature_tests.cxx.o -c /home/tristan/Documents/TPEAlpGen/Pangea/CMakeFiles/feature_tests.cxx
Linking CXX executable cmTC_9f3cb
/usr/bin/cmake -E cmake_link_script CMakeFiles/cmTC_9f3cb.dir/link.txt --verbose=1
/bin/c++        CMakeFiles/cmTC_9f3cb.dir/feature_tests.cxx.o  -o cmTC_9f3cb -rdynamic 
gmake[2]: Leaving directory '/home/tristan/Documents/TPEAlpGen/Pangea/CMakeFiles/CMakeTmp'
gmake[1]: Leaving directory '/home/tristan/Documents/TPEAlpGen/Pangea/CMakeFiles/CMakeTmp'


    Feature record: CXX_FEATURE:0cxx_aggregate_default_initializers
    Feature record: CXX_FEATURE:1cxx_alias_templates
    Feature record: CXX_FEATURE:1cxx_alignas
    Feature record: CXX_FEATURE:1cxx_alignof
    Feature record: CXX_FEATURE:1cxx_attributes
    Feature record: CXX_FEATURE:0cxx_attribute_deprecated
    Feature record: CXX_FEATURE:1cxx_auto_type
    Feature record: CXX_FEATURE:0cxx_binary_literals
    Feature record: CXX_FEATURE:1cxx_constexpr
    Feature record: CXX_FEATURE:0cxx_contextual_conversions
    Feature record: CXX_FEATURE:1cxx_decltype
    Feature record: CXX_FEATURE:0cxx_decltype_auto
    Feature record: CXX_FEATURE:1cxx_decltype_incomplete_return_types
    Feature record: CXX_FEATURE:1cxx_default_function_template_args
    Feature record: CXX_FEATURE:1cxx_defaulted_functions
    Feature record: CXX_FEATURE:1cxx_defaulted_move_initializers
    Feature record: CXX_FEATURE:1cxx_delegating_constructors
    Feature record: CXX_FEATURE:1cxx_deleted_functions
    Feature record: CXX_FEATURE:0cxx_digit_separators
    Feature record: CXX_FEATURE:1cxx_enum_forward_declarations
    Feature record: CXX_FEATURE:1cxx_explicit_conversions
    Feature record: CXX_FEATURE:1cxx_extended_friend_declarations
    Feature record: CXX_FEATURE:1cxx_extern_templates
    Feature record: CXX_FEATURE:1cxx_final
    Feature record: CXX_FEATURE:1cxx_func_identifier
    Feature record: CXX_FEATURE:1cxx_generalized_initializers
    Feature record: CXX_FEATURE:0cxx_generic_lambdas
    Feature record: CXX_FEATURE:1cxx_inheriting_constructors
    Feature record: CXX_FEATURE:1cxx_inline_namespaces
    Feature record: CXX_FEATURE:1cxx_lambdas
    Feature record: CXX_FEATURE:0cxx_lambda_init_captures
    Feature record: CXX_FEATURE:1cxx_local_type_template_args
    Feature record: CXX_FEATURE:1cxx_long_long_type
    Feature record: CXX_FEATURE:1cxx_noexcept
    Feature record: CXX_FEATURE:1cxx_nonstatic_member_init
    Feature record: CXX_FEATURE:1cxx_nullptr
    Feature record: CXX_FEATURE:1cxx_override
    Feature record: CXX_FEATURE:1cxx_range_for
    Feature record: CXX_FEATURE:1cxx_raw_string_literals
    Feature record: CXX_FEATURE:1cxx_reference_qualified_functions
    Feature record: CXX_FEATURE:0cxx_relaxed_constexpr
    Feature record: CXX_FEATURE:0cxx_return_type_deduction
    Feature record: CXX_FEATURE:1cxx_right_angle_brackets
    Feature record: CXX_FEATURE:1cxx_rvalue_references
    Feature record: CXX_FEATURE:1cxx_sizeof_member
    Feature record: CXX_FEATURE:1cxx_static_assert
    Feature record: CXX_FEATURE:1cxx_strong_enums
    Feature record: CXX_FEATURE:1cxx_template_template_parameters
    Feature record: CXX_FEATURE:1cxx_thread_local
    Feature record: CXX_FEATURE:1cxx_trailing_return_types
    Feature record: CXX_FEATURE:1cxx_unicode_literals
    Feature record: CXX_FEATURE:1cxx_uniform_initialization
    Feature record: CXX_FEATURE:1cxx_unrestricted_unions
    Feature record: CXX_FEATURE:1cxx_user_literals
    Feature record: CXX_FEATURE:0cxx_variable_templates
    Feature record: CXX_FEATURE:1cxx_variadic_macros
    Feature record: CXX_FEATURE:1cxx_variadic_templates


Detecting CXX [-std=c++98] compiler features compiled with the following output:
Change Dir: /home/tristan/Documents/TPEAlpGen/Pangea/CMakeFiles/CMakeTmp

Run Build Command:"/bin/gmake" "cmTC_062a4/fast"
gmake[1]: Entering directory '/home/tristan/Documents/TPEAlpGen/Pangea/CMakeFiles/CMakeTmp'
/bin/gmake -f CMakeFiles/cmTC_062a4.dir/build.make CMakeFiles/cmTC_062a4.dir/build
gmake[2]: Entering directory '/home/tristan/Documents/TPEAlpGen/Pangea/CMakeFiles/CMakeTmp'
Building CXX object CMakeFiles/cmTC_062a4.dir/feature_tests.cxx.o
/bin/c++    -std=c++98 -o CMakeFiles/cmTC_062a4.dir/feature_tests.cxx.o -c /home/tristan/Documents/TPEAlpGen/Pangea/CMakeFiles/feature_tests.cxx
Linking CXX executable cmTC_062a4
/usr/bin/cmake -E cmake_link_script CMakeFiles/cmTC_062a4.dir/link.txt --verbose=1
/bin/c++        CMakeFiles/cmTC_062a4.dir/feature_tests.cxx.o  -o cmTC_062a4 -rdynamic 
gmake[2]: Leaving directory '/home/tristan/Documents/TPEAlpGen/Pangea/CMakeFiles/CMakeTmp'
gmake[1]: Leaving directory '/home/tristan/Documents/TPEAlpGen/Pangea/CMakeFiles/CMakeTmp'


    Feature record: CXX_FEATURE:0cxx_aggregate_default_initializers
    Feature record: CXX_FEATURE:0cxx_alias_templates
    Feature record: CXX_FEATURE:0cxx_alignas
    Feature record: CXX_FEATURE:0cxx_alignof
    Feature record: CXX_FEATURE:0cxx_attributes
    Feature record: CXX_FEATURE:0cxx_attribute_deprecated
    Feature record: CXX_FEATURE:0cxx_auto_type
    Feature record: CXX_FEATURE:0cxx_binary_literals
    Feature record: CXX_FEATURE:0cxx_constexpr
    Feature record: CXX_FEATURE:0cxx_contextual_conversions
    Feature record: CXX_FEATURE:0cxx_decltype
    Feature record: CXX_FEATURE:0cxx_decltype_auto
    Feature record: CXX_FEATURE:0cxx_decltype_incomplete_return_types
    Feature record: CXX_FEATURE:0cxx_default_function_template_args
    Feature record: CXX_FEATURE:0cxx_defaulted_functions
    Feature record: CXX_FEATURE:0cxx_defaulted_move_initializers
    Feature record: CXX_FEATURE:0cxx_delegating_constructors
    Feature record: CXX_FEATURE:0cxx_deleted_functions
    Feature record: CXX_FEATURE:0cxx_digit_separators
    Feature record: CXX_FEATURE:0cxx_enum_forward_declarations
    Feature record: CXX_FEATURE:0cxx_explicit_conversions
    Feature record: CXX_FEATURE:0cxx_extended_friend_declarations
    Feature record: CXX_FEATURE:0cxx_extern_templates
    Feature record: CXX_FEATURE:0cxx_final
    Feature record: CXX_FEATURE:0cxx_func_identifier
    Feature record: CXX_FEATURE:0cxx_generalized_initializers
    Feature record: CXX_FEATURE:0cxx_generic_lambdas
    Feature record: CXX_FEATURE:0cxx_inheriting_constructors
    Feature record: CXX_FEATURE:0cxx_inline_namespaces
    Feature record: CXX_FEATURE:0cxx_lambdas
    Feature record: CXX_FEATURE:0cxx_lambda_init_captures
    Feature record: CXX_FEATURE:0cxx_local_type_template_args
    Feature record: CXX_FEATURE:0cxx_long_long_type
    Feature record: CXX_FEATURE:0cxx_noexcept
    Feature record: CXX_FEATURE:0cxx_nonstatic_member_init
    Feature record: CXX_FEATURE:0cxx_nullptr
    Feature record: CXX_FEATURE:0cxx_override
    Feature record: CXX_FEATURE:0cxx_range_for
    Feature record: CXX_FEATURE:0cxx_raw_string_literals
    Feature record: CXX_FEATURE:0cxx_reference_qualified_functions
    Feature record: CXX_FEATURE:0cxx_relaxed_constexpr
    Feature record: CXX_FEATURE:0cxx_return_type_deduction
    Feature record: CXX_FEATURE:0cxx_right_angle_brackets
    Feature record: CXX_FEATURE:0cxx_rvalue_references
    Feature record: CXX_FEATURE:0cxx_sizeof_member
    Feature record: CXX_FEATURE:0cxx_static_assert
    Feature record: CXX_FEATURE:0cxx_strong_enums
    Feature record: CXX_FEATURE:1cxx_template_template_parameters
    Feature record: CXX_FEATURE:0cxx_thread_local
    Feature record: CXX_FEATURE:0cxx_trailing_return_types
    Feature record: CXX_FEATURE:0cxx_unicode_literals
    Feature record: CXX_FEATURE:0cxx_uniform_initialization
    Feature record: CXX_FEATURE:0cxx_unrestricted_unions
    Feature record: CXX_FEATURE:0cxx_user_literals
    Feature record: CXX_FEATURE:0cxx_variable_templates
    Feature record: CXX_FEATURE:0cxx_variadic_macros
    Feature record: CXX_FEATURE:0cxx_variadic_templates
